This is pdfTeX, Version 3.1415926-2.3-1.40.12 (TeX Live 2011) (format=pdflatex 2011.7.3)  16 JUL 2014 18:51
entering extended mode
 restricted \write18 enabled.
 %&-line parsing enabled.
**cemi.tex
(./cemi.tex
LaTeX2e <2009/09/24>
Babel <v3.8l> and hyphenation patterns for english, dumylang, nohyphenation, ge
rman-x-2009-06-19, ngerman-x-2009-06-19, afrikaans, ancientgreek, ibycus, arabi
c, armenian, basque, bulgarian, catalan, pinyin, coptic, croatian, czech, danis
h, dutch, ukenglish, usenglishmax, esperanto, estonian, ethiopic, farsi, finnis
h, french, galician, german, ngerman, swissgerman, monogreek, greek, hungarian,
 icelandic, assamese, bengali, gujarati, hindi, kannada, malayalam, marathi, or
iya, panjabi, tamil, telugu, indonesian, interlingua, irish, italian, kurmanji,
 lao, latin, latvian, lithuanian, mongolian, mongolianlmc, bokmal, nynorsk, pol
ish, portuguese, romanian, russian, sanskrit, serbian, serbianc, slovak, sloven
ian, spanish, swedish, turkish, turkmen, ukrainian, uppersorbian, welsh, loaded
.

! LaTeX Error: Missing \begin{document}.

See the LaTeX manual or LaTeX Companion for explanation.
Type  H <return>  for immediate help.
 ...                                              
                                                  
l.1 I
     nductive subc_client_external_mandatory_itfs_are_bound c : Prop :=
You're in trouble here.  Try typing  <return>  to proceed.
If that doesn't work, type  X <return>  to quit.

Missing character: There is no I in font nullfont!
Missing character: There is no n in font nullfont!
Missing character: There is no d in font nullfont!
Missing character: There is no u in font nullfont!
Missing character: There is no c in font nullfont!
Missing character: There is no t in font nullfont!
Missing character: There is no i in font nullfont!
Missing character: There is no v in font nullfont!
Missing character: There is no e in font nullfont!
Missing character: There is no s in font nullfont!
Missing character: There is no u in font nullfont!
Missing character: There is no b in font nullfont!
Missing character: There is no c in font nullfont!
! Missing $ inserted.
<inserted text> 
                $
l.1 Inductive subc_
                   client_external_mandatory_itfs_are_bound c : Prop :=
I've inserted a begin-math/end-math symbol since I think
you left one out. Proceed, with fingers crossed.

LaTeX Font Info:    External font `cmex10' loaded for size
(Font)              <7> on input line 1.
LaTeX Font Info:    External font `cmex10' loaded for size
(Font)              <5> on input line 1.
! Missing $ inserted.
<inserted text> 
                $
l.7 
    
I've inserted a begin-math/end-math symbol since I think
you left one out. Proceed, with fingers crossed.


Overfull \hbox (20.0pt too wide) in paragraph at lines 1--7
[]
 []


Overfull \hbox (177.39516pt too wide) in paragraph at lines 1--7
[]\OML/cmm/m/it/10 lient[]xternal[]andatory[]tfs[]re[]oundc \OT1/cmr/m/n/10 :
 []


Overfull \hbox (35.81018pt too wide) in paragraph at lines 1--7
\OML/cmm/m/it/10 Prop \OT1/cmr/m/n/10 :=
 []


Overfull \hbox (68.0036pt too wide) in paragraph at lines 1--7
\OMS/cmsy/m/n/10 j\OML/cmm/m/it/10 CEMI[]ound \OT1/cmr/m/n/10 :
 []


Overfull \hbox (87.5881pt too wide) in paragraph at lines 1--7
\OT1/cmr/m/n/10 (\OML/cmm/m/it/10 forallc[]; Inc[]\OT1/cmr/m/n/10 (\OML/cmm/m/i
t/10 c\OMS/cmsy/m/n/10 ^^@ \OML/cmm/m/it/10 >
 []


Overfull \hbox (64.59962pt too wide) in paragraph at lines 1--7
\OML/cmm/m/it/10 subcomps\OT1/cmr/m/n/10 )\OMS/cmsy/m/n/10 ^^@ \OML/cmm/m/it/10
 >
 []


Overfull \hbox (102.24461pt too wide) in paragraph at lines 1--7
\OT1/cmr/m/n/10 (\OML/cmm/m/it/10 forallint; Inint\OT1/cmr/m/n/10 (\OML/cmm/m/i
t/10 c[]\OMS/cmsy/m/n/10 ^^@ \OML/cmm/m/it/10 >
 []


Overfull \hbox (39.93822pt too wide) in paragraph at lines 1--7
\OML/cmm/m/it/10 itfs\OT1/cmr/m/n/10 )\OMS/cmsy/m/n/10 ^^@ \OML/cmm/m/it/10 >
 []


Overfull \hbox (35.2808pt too wide) in paragraph at lines 1--7
\OT1/cmr/m/n/10 (\OML/cmm/m/it/10 int\OMS/cmsy/m/n/10 ^^@ \OML/cmm/m/it/10 >
 []


Overfull \hbox (31.91785pt too wide) in paragraph at lines 1--7
\OML/cmm/m/it/10 role\OT1/cmr/m/n/10 ) =
 []


Overfull \hbox (47.09123pt too wide) in paragraph at lines 1--7
\OML/cmm/m/it/10 Client\OMS/cmsy/m/n/10 ^^@ \OML/cmm/m/it/10 >
 []


Overfull \hbox (35.2808pt too wide) in paragraph at lines 1--7
\OT1/cmr/m/n/10 (\OML/cmm/m/it/10 int\OMS/cmsy/m/n/10 ^^@ \OML/cmm/m/it/10 >
 []


Overfull \hbox (54.46338pt too wide) in paragraph at lines 1--7
\OML/cmm/m/it/10 visibility\OT1/cmr/m/n/10 ) =
 []


Overfull \hbox (59.53246pt too wide) in paragraph at lines 1--7
\OML/cmm/m/it/10 External\OMS/cmsy/m/n/10 ^^@ \OML/cmm/m/it/10 >
 []


Overfull \hbox (35.2808pt too wide) in paragraph at lines 1--7
\OT1/cmr/m/n/10 (\OML/cmm/m/it/10 int\OMS/cmsy/m/n/10 ^^@ \OML/cmm/m/it/10 >
 []


Overfull \hbox (68.05638pt too wide) in paragraph at lines 1--7
\OML/cmm/m/it/10 contingency\OT1/cmr/m/n/10 ) =
 []


Overfull \hbox (69.41327pt too wide) in paragraph at lines 1--7
\OML/cmm/m/it/10 Mandatory\OMS/cmsy/m/n/10 ^^@ \OML/cmm/m/it/10 >
 []


Overfull \hbox (258.23946pt too wide) in paragraph at lines 1--7
\OT1/cmr/m/n/10 (\OMS/cmsy/m/n/10 ^^C\OML/cmm/m/it/10 thesetypeofitfscanonlybei
naNormalorImportbinding\OMS/cmsy/m/n/10 ^^C\OT1/cmr/m/n/10 )$ 
 []


! LaTeX Error: Missing \begin{document}.

See the LaTeX manual or LaTeX Companion for explanation.
Type  H <return>  for immediate help.
 ...                                              
                                                  
l.8   f
       orall l l',
You're in trouble here.  Try typing  <return>  to proceed.
If that doesn't work, type  X <return>  to quit.

Missing character: There is no f in font nullfont!
Missing character: There is no o in font nullfont!
Missing character: There is no r in font nullfont!
Missing character: There is no a in font nullfont!
Missing character: There is no l in font nullfont!
Missing character: There is no l in font nullfont!
Missing character: There is no l in font nullfont!
Missing character: There is no l in font nullfont!
Missing character: There is no ' in font nullfont!
Missing character: There is no , in font nullfont!
Missing character: There is no l in font nullfont!
Missing character: There is no = in font nullfont!
Missing character: There is no n in font nullfont!
Missing character: There is no o in font nullfont!
Missing character: There is no r in font nullfont!
Missing character: There is no m in font nullfont!
Missing character: There is no a in font nullfont!
Missing character: There is no l in font nullfont!
! Missing $ inserted.
<inserted text> 
                $
l.9    l=normal_
                recipients (c'->id) (int->id) (c->bnds) (c->subcomps) ->
I've inserted a begin-math/end-math symbol since I think
you left one out. Proceed, with fingers crossed.

)
! Emergency stop.
<*> cemi.tex
            
*** (job aborted, no legal \end found)

 
Here is how much of TeX's memory you used:
 7 strings out of 493633
 142 string characters out of 3143378
 51245 words of memory out of 3000000
 3407 multiletter control sequences out of 15000+200000
 3640 words of font info for 14 fonts, out of 3000000 for 9000
 831 hyphenation exceptions out of 8191
 18i,2n,12p,94b,56s stack positions out of 5000i,500n,10000p,200000b,50000s
!  ==> Fatal error occurred, no output PDF file produced!
